# JRE version: Java(TM) SE Runtime Environment (8.0_144-b01) (build 1.8.0_144-b01)
# Java VM: Java HotSpot(TM) 64-Bit Server VM (25.144-b01 mixed mode windows-amd64 compressed oops)
Heap:
 PSYoungGen      total 39936K, used 29617K [0x00000000e8900000, 0x00000000eb300000, 0x0000000100000000)
  eden space 36864K, 72% used [0x00000000e8900000,0x00000000ea2ec498,0x00000000ead00000)
  from space 3072K, 100% used [0x00000000eb000000,0x00000000eb300000,0x00000000eb300000)
  to   space 3072K, 0% used [0x00000000ead00000,0x00000000ead00000,0x00000000eb000000)
 ParOldGen       total 49152K, used 6799K [0x00000000b9a00000, 0x00000000bca00000, 0x00000000e8900000)
  object space 49152K, 13% used [0x00000000b9a00000,0x00000000ba0a3d28,0x00000000bca00000)
 Metaspace       used 12995K, capacity 13240K, committed 13440K, reserved 1060864K
  class space    used 1542K, capacity 1614K, committed 1664K, reserved 1048576K
GC Heap History (8 events):
Event: 0.721 GC heap before
{Heap before GC invocations=1 (full 0):
 PSYoungGen      total 21504K, used 18432K [0x00000000e8900000, 0x00000000ea100000, 0x0000000100000000)
  eden space 18432K, 100% used [0x00000000e8900000,0x00000000e9b00000,0x00000000e9b00000)
  from space 3072K, 0% used [0x00000000e9e00000,0x00000000e9e00000,0x00000000ea100000)
  to   space 3072K, 0% used [0x00000000e9b00000,0x00000000e9b00000,0x00000000e9e00000)
 ParOldGen       total 49152K, used 0K [0x00000000b9a00000, 0x00000000bca00000, 0x00000000e8900000)
  object space 49152K, 0% used [0x00000000b9a00000,0x00000000b9a00000,0x00000000bca00000)
 Metaspace       used 6807K, capacity 6940K, committed 7040K, reserved 1056768K
  class space    used 841K, capacity 888K, committed 896K, reserved 1048576K
Event: 0.743 GC heap after
Heap after GC invocations=1 (full 0):
 PSYoungGen      total 21504K, used 3071K [0x00000000e8900000, 0x00000000eb300000, 0x0000000100000000)
  eden space 18432K, 0% used [0x00000000e8900000,0x00000000e8900000,0x00000000e9b00000)
  from space 3072K, 99% used [0x00000000e9b00000,0x00000000e9dffff8,0x00000000e9e00000)
  to   space 3072K, 0% used [0x00000000eb000000,0x00000000eb000000,0x00000000eb300000)
 ParOldGen       total 49152K, used 233K [0x00000000b9a00000, 0x00000000bca00000, 0x00000000e8900000)
  object space 49152K, 0% used [0x00000000b9a00000,0x00000000b9a3a590,0x00000000bca00000)
 Metaspace       used 6807K, capacity 6940K, committed 7040K, reserved 1056768K
  class space    used 841K, capacity 888K, committed 896K, reserved 1048576K
}
Event: 1.128 GC heap before
{Heap before GC invocations=2 (full 0):
 PSYoungGen      total 21504K, used 21503K [0x00000000e8900000, 0x00000000eb300000, 0x0000000100000000)
  eden space 18432K, 100% used [0x00000000e8900000,0x00000000e9b00000,0x00000000e9b00000)
  from space 3072K, 99% used [0x00000000e9b00000,0x00000000e9dffff8,0x00000000e9e00000)
  to   space 3072K, 0% used [0x00000000eb000000,0x00000000eb000000,0x00000000eb300000)
 ParOldGen       total 49152K, used 233K [0x00000000b9a00000, 0x00000000bca00000, 0x00000000e8900000)
  object space 49152K, 0% used [0x00000000b9a00000,0x00000000b9a3a590,0x00000000bca00000)
 Metaspace       used 8255K, capacity 8406K, committed 8576K, reserved 1056768K
  class space    used 1061K, capacity 1116K, committed 1152K, reserved 1048576K
Event: 1.134 GC heap after
Heap after GC invocations=2 (full 0):
 PSYoungGen      total 39936K, used 3048K [0x00000000e8900000, 0x00000000eb300000, 0x0000000100000000)
  eden space 36864K, 0% used [0x00000000e8900000,0x00000000e8900000,0x00000000ead00000)
  from space 3072K, 99% used [0x00000000eb000000,0x00000000eb2fa138,0x00000000eb300000)
  to   space 3072K, 0% used [0x00000000ead00000,0x00000000ead00000,0x00000000eb000000)
 ParOldGen       total 49152K, used 349K [0x00000000b9a00000, 0x00000000bca00000, 0x00000000e8900000)
  object space 49152K, 0% used [0x00000000b9a00000,0x00000000b9a57460,0x00000000bca00000)
 Metaspace       used 8255K, capacity 8406K, committed 8576K, reserved 1056768K
  class space    used 1061K, capacity 1116K, committed 1152K, reserved 1048576K
}
Event: 2.384 GC heap before
{Heap before GC invocations=3 (full 0):
 PSYoungGen      total 39936K, used 39912K [0x00000000e8900000, 0x00000000eb300000, 0x0000000100000000)
  eden space 36864K, 100% used [0x00000000e8900000,0x00000000ead00000,0x00000000ead00000)
  from space 3072K, 99% used [0x00000000eb000000,0x00000000eb2fa138,0x00000000eb300000)
  to   space 3072K, 0% used [0x00000000ead00000,0x00000000ead00000,0x00000000eb000000)
 ParOldGen       total 49152K, used 349K [0x00000000b9a00000, 0x00000000bca00000, 0x00000000e8900000)
  object space 49152K, 0% used [0x00000000b9a00000,0x00000000b9a57460,0x00000000bca00000)
 Metaspace       used 12290K, capacity 12480K, committed 12672K, reserved 1060864K
  class space    used 1503K, capacity 1578K, committed 1664K, reserved 1048576K
Event: 2.400 GC heap after
Heap after GC invocations=3 (full 0):
 PSYoungGen      total 39936K, used 3056K [0x00000000e8900000, 0x00000000eb300000, 0x0000000100000000)
  eden space 36864K, 0% used [0x00000000e8900000,0x00000000e8900000,0x00000000ead00000)
  from space 3072K, 99% used [0x00000000ead00000,0x00000000eaffc010,0x00000000eb000000)
  to   space 3072K, 0% used [0x00000000eb000000,0x00000000eb000000,0x00000000eb300000)
 ParOldGen       total 49152K, used 5015K [0x00000000b9a00000, 0x00000000bca00000, 0x00000000e8900000)
  object space 49152K, 10% used [0x00000000b9a00000,0x00000000b9ee5ce0,0x00000000bca00000)
 Metaspace       used 12290K, capacity 12480K, committed 12672K, reserved 1060864K
  class space    used 1503K, capacity 1578K, committed 1664K, reserved 1048576K
}
Event: 3.342 GC heap before
{Heap before GC invocations=4 (full 0):
 PSYoungGen      total 39936K, used 39920K [0x00000000e8900000, 0x00000000eb300000, 0x0000000100000000)
  eden space 36864K, 100% used [0x00000000e8900000,0x00000000ead00000,0x00000000ead00000)
  from space 3072K, 99% used [0x00000000ead00000,0x00000000eaffc010,0x00000000eb000000)
  to   space 3072K, 0% used [0x00000000eb000000,0x00000000eb000000,0x00000000eb300000)
 ParOldGen       total 49152K, used 5015K [0x00000000b9a00000, 0x00000000bca00000, 0x00000000e8900000)
  object space 49152K, 10% used [0x00000000b9a00000,0x00000000b9ee5ce0,0x00000000bca00000)
 Metaspace       used 12803K, capacity 12984K, committed 13184K, reserved 1060864K
  class space    used 1540K, capacity 1614K, committed 1664K, reserved 1048576K
Event: 3.351 GC heap after
Heap after GC invocations=4 (full 0):
 PSYoungGen      total 39936K, used 3072K [0x00000000e8900000, 0x00000000eb300000, 0x0000000100000000)
  eden space 36864K, 0% used [0x00000000e8900000,0x00000000e8900000,0x00000000ead00000)
  from space 3072K, 100% used [0x00000000eb000000,0x00000000eb300000,0x00000000eb300000)
  to   space 3072K, 0% used [0x00000000ead00000,0x00000000ead00000,0x00000000eb000000)
 ParOldGen       total 49152K, used 6799K [0x00000000b9a00000, 0x00000000bca00000, 0x00000000e8900000)
  object space 49152K, 13% used [0x00000000b9a00000,0x00000000ba0a3d28,0x00000000bca00000)
 Metaspace       used 12803K, capacity 12984K, committed 13184K, reserved 1060864K
  class space    used 1540K, capacity 1614K, committed 1664K, reserved 1048576K
}

