# JRE version: Java(TM) SE Runtime Environment (8.0_144-b01) (build 1.8.0_144-b01)
# Java VM: Java HotSpot(TM) 64-Bit Server VM (25.144-b01 mixed mode windows-amd64 compressed oops)
Heap:
 PSYoungGen      total 21504K, used 8251K [0x00000000e8900000, 0x00000000ea100000, 0x0000000100000000)
  eden space 18432K, 28% used [0x00000000e8900000,0x00000000e8e16fb0,0x00000000e9b00000)
  from space 3072K, 98% used [0x00000000e9e00000,0x00000000ea0f8020,0x00000000ea100000)
  to   space 3072K, 0% used [0x00000000e9b00000,0x00000000e9b00000,0x00000000e9e00000)
 ParOldGen       total 49152K, used 4686K [0x00000000b9a00000, 0x00000000bca00000, 0x00000000e8900000)
  object space 49152K, 9% used [0x00000000b9a00000,0x00000000b9e93a38,0x00000000bca00000)
 Metaspace       used 12452K, capacity 12710K, committed 12928K, reserved 1060864K
  class space    used 1519K, capacity 1611K, committed 1664K, reserved 1048576K
GC Heap History (8 events):
Event: 0.953 GC heap before
{Heap before GC invocations=1 (full 0):
 PSYoungGen      total 21504K, used 18432K [0x00000000e8900000, 0x00000000ea100000, 0x0000000100000000)
  eden space 18432K, 100% used [0x00000000e8900000,0x00000000e9b00000,0x00000000e9b00000)
  from space 3072K, 0% used [0x00000000e9e00000,0x00000000e9e00000,0x00000000ea100000)
  to   space 3072K, 0% used [0x00000000e9b00000,0x00000000e9b00000,0x00000000e9e00000)
 ParOldGen       total 49152K, used 0K [0x00000000b9a00000, 0x00000000bca00000, 0x00000000e8900000)
  object space 49152K, 0% used [0x00000000b9a00000,0x00000000b9a00000,0x00000000bca00000)
 Metaspace       used 6823K, capacity 7004K, committed 7040K, reserved 1056768K
  class space    used 841K, capacity 888K, committed 896K, reserved 1048576K
Event: 0.992 GC heap after
Heap after GC invocations=1 (full 0):
 PSYoungGen      total 21504K, used 3044K [0x00000000e8900000, 0x00000000ea100000, 0x0000000100000000)
  eden space 18432K, 0% used [0x00000000e8900000,0x00000000e8900000,0x00000000e9b00000)
  from space 3072K, 99% used [0x00000000e9b00000,0x00000000e9df9340,0x00000000e9e00000)
  to   space 3072K, 0% used [0x00000000e9e00000,0x00000000e9e00000,0x00000000ea100000)
 ParOldGen       total 49152K, used 268K [0x00000000b9a00000, 0x00000000bca00000, 0x00000000e8900000)
  object space 49152K, 0% used [0x00000000b9a00000,0x00000000b9a43088,0x00000000bca00000)
 Metaspace       used 6823K, capacity 7004K, committed 7040K, reserved 1056768K
  class space    used 841K, capacity 888K, committed 896K, reserved 1048576K
}
Event: 1.488 GC heap before
{Heap before GC invocations=2 (full 0):
 PSYoungGen      total 21504K, used 21476K [0x00000000e8900000, 0x00000000ea100000, 0x0000000100000000)
  eden space 18432K, 100% used [0x00000000e8900000,0x00000000e9b00000,0x00000000e9b00000)
  from space 3072K, 99% used [0x00000000e9b00000,0x00000000e9df9340,0x00000000e9e00000)
  to   space 3072K, 0% used [0x00000000e9e00000,0x00000000e9e00000,0x00000000ea100000)
 ParOldGen       total 49152K, used 268K [0x00000000b9a00000, 0x00000000bca00000, 0x00000000e8900000)
  object space 49152K, 0% used [0x00000000b9a00000,0x00000000b9a43088,0x00000000bca00000)
 Metaspace       used 8266K, capacity 8406K, committed 8576K, reserved 1056768K
  class space    used 1061K, capacity 1116K, committed 1152K, reserved 1048576K
Event: 1.494 GC heap after
Heap after GC invocations=2 (full 0):
 PSYoungGen      total 21504K, used 3046K [0x00000000e8900000, 0x00000000ea100000, 0x0000000100000000)
  eden space 18432K, 0% used [0x00000000e8900000,0x00000000e8900000,0x00000000e9b00000)
  from space 3072K, 99% used [0x00000000e9e00000,0x00000000ea0f9b10,0x00000000ea100000)
  to   space 3072K, 0% used [0x00000000e9b00000,0x00000000e9b00000,0x00000000e9e00000)
 ParOldGen       total 49152K, used 426K [0x00000000b9a00000, 0x00000000bca00000, 0x00000000e8900000)
  object space 49152K, 0% used [0x00000000b9a00000,0x00000000b9a6a870,0x00000000bca00000)
 Metaspace       used 8266K, capacity 8406K, committed 8576K, reserved 1056768K
  class space    used 1061K, capacity 1116K, committed 1152K, reserved 1048576K
}
Event: 2.042 GC heap before
{Heap before GC invocations=3 (full 0):
 PSYoungGen      total 21504K, used 21478K [0x00000000e8900000, 0x00000000ea100000, 0x0000000100000000)
  eden space 18432K, 100% used [0x00000000e8900000,0x00000000e9b00000,0x00000000e9b00000)
  from space 3072K, 99% used [0x00000000e9e00000,0x00000000ea0f9b10,0x00000000ea100000)
  to   space 3072K, 0% used [0x00000000e9b00000,0x00000000e9b00000,0x00000000e9e00000)
 ParOldGen       total 49152K, used 426K [0x00000000b9a00000, 0x00000000bca00000, 0x00000000e8900000)
  object space 49152K, 0% used [0x00000000b9a00000,0x00000000b9a6a870,0x00000000bca00000)
 Metaspace       used 10767K, capacity 10908K, committed 11008K, reserved 1058816K
  class space    used 1354K, capacity 1437K, committed 1536K, reserved 1048576K
Event: 2.049 GC heap after
Heap after GC invocations=3 (full 0):
 PSYoungGen      total 21504K, used 3059K [0x00000000e8900000, 0x00000000ea100000, 0x0000000100000000)
  eden space 18432K, 0% used [0x00000000e8900000,0x00000000e8900000,0x00000000e9b00000)
  from space 3072K, 99% used [0x00000000e9b00000,0x00000000e9dfcd58,0x00000000e9e00000)
  to   space 3072K, 0% used [0x00000000e9e00000,0x00000000e9e00000,0x00000000ea100000)
 ParOldGen       total 49152K, used 2135K [0x00000000b9a00000, 0x00000000bca00000, 0x00000000e8900000)
  object space 49152K, 4% used [0x00000000b9a00000,0x00000000b9c15f90,0x00000000bca00000)
 Metaspace       used 10767K, capacity 10908K, committed 11008K, reserved 1058816K
  class space    used 1354K, capacity 1437K, committed 1536K, reserved 1048576K
}
Event: 2.694 GC heap before
{Heap before GC invocations=4 (full 0):
 PSYoungGen      total 21504K, used 21491K [0x00000000e8900000, 0x00000000ea100000, 0x0000000100000000)
  eden space 18432K, 100% used [0x00000000e8900000,0x00000000e9b00000,0x00000000e9b00000)
  from space 3072K, 99% used [0x00000000e9b00000,0x00000000e9dfcd58,0x00000000e9e00000)
  to   space 3072K, 0% used [0x00000000e9e00000,0x00000000e9e00000,0x00000000ea100000)
 ParOldGen       total 49152K, used 2135K [0x00000000b9a00000, 0x00000000bca00000, 0x00000000e8900000)
  object space 49152K, 4% used [0x00000000b9a00000,0x00000000b9c15f90,0x00000000bca00000)
 Metaspace       used 12278K, capacity 12544K, committed 12928K, reserved 1060864K
  class space    used 1502K, capacity 1578K, committed 1664K, reserved 1048576K
Event: 2.703 GC heap after
Heap after GC invocations=4 (full 0):
 PSYoungGen      total 21504K, used 3040K [0x00000000e8900000, 0x00000000ea100000, 0x0000000100000000)
  eden space 18432K, 0% used [0x00000000e8900000,0x00000000e8900000,0x00000000e9b00000)
  from space 3072K, 98% used [0x00000000e9e00000,0x00000000ea0f8020,0x00000000ea100000)
  to   space 3072K, 0% used [0x00000000e9b00000,0x00000000e9b00000,0x00000000e9e00000)
 ParOldGen       total 49152K, used 4686K [0x00000000b9a00000, 0x00000000bca00000, 0x00000000e8900000)
  object space 49152K, 9% used [0x00000000b9a00000,0x00000000b9e93a38,0x00000000bca00000)
 Metaspace       used 12278K, capacity 12544K, committed 12928K, reserved 1060864K
  class space    used 1502K, capacity 1578K, committed 1664K, reserved 1048576K
}

