# JRE version: Java(TM) SE Runtime Environment (8.0_144-b01) (build 1.8.0_144-b01)
# Java VM: Java HotSpot(TM) 64-Bit Server VM (25.144-b01 mixed mode windows-amd64 compressed oops)
Heap:
 PSYoungGen      total 76800K, used 35049K [0x00000000e8900000, 0x00000000ed700000, 0x0000000100000000)
  eden space 73728K, 43% used [0x00000000e8900000,0x00000000ea83e5a8,0x00000000ed100000)
  from space 3072K, 99% used [0x00000000ed100000,0x00000000ed3fc010,0x00000000ed400000)
  to   space 3072K, 0% used [0x00000000ed400000,0x00000000ed400000,0x00000000ed700000)
 ParOldGen       total 49152K, used 11445K [0x00000000b9a00000, 0x00000000bca00000, 0x00000000e8900000)
  object space 49152K, 23% used [0x00000000b9a00000,0x00000000ba52d4c0,0x00000000bca00000)
 Metaspace       used 15753K, capacity 16112K, committed 16384K, reserved 1062912K
  class space    used 1818K, capacity 1929K, committed 2048K, reserved 1048576K
GC Heap History (10 events):
Event: 0.847 GC heap before
{Heap before GC invocations=1 (full 0):
 PSYoungGen      total 21504K, used 18432K [0x00000000e8900000, 0x00000000ea100000, 0x0000000100000000)
  eden space 18432K, 100% used [0x00000000e8900000,0x00000000e9b00000,0x00000000e9b00000)
  from space 3072K, 0% used [0x00000000e9e00000,0x00000000e9e00000,0x00000000ea100000)
  to   space 3072K, 0% used [0x00000000e9b00000,0x00000000e9b00000,0x00000000e9e00000)
 ParOldGen       total 49152K, used 0K [0x00000000b9a00000, 0x00000000bca00000, 0x00000000e8900000)
  object space 49152K, 0% used [0x00000000b9a00000,0x00000000b9a00000,0x00000000bca00000)
 Metaspace       used 6815K, capacity 7004K, committed 7040K, reserved 1056768K
  class space    used 841K, capacity 888K, committed 896K, reserved 1048576K
Event: 0.858 GC heap after
Heap after GC invocations=1 (full 0):
 PSYoungGen      total 21504K, used 3050K [0x00000000e8900000, 0x00000000eb300000, 0x0000000100000000)
  eden space 18432K, 0% used [0x00000000e8900000,0x00000000e8900000,0x00000000e9b00000)
  from space 3072K, 99% used [0x00000000e9b00000,0x00000000e9dfa920,0x00000000e9e00000)
  to   space 3072K, 0% used [0x00000000eb000000,0x00000000eb000000,0x00000000eb300000)
 ParOldGen       total 49152K, used 295K [0x00000000b9a00000, 0x00000000bca00000, 0x00000000e8900000)
  object space 49152K, 0% used [0x00000000b9a00000,0x00000000b9a49c80,0x00000000bca00000)
 Metaspace       used 6815K, capacity 7004K, committed 7040K, reserved 1056768K
  class space    used 841K, capacity 888K, committed 896K, reserved 1048576K
}
Event: 1.251 GC heap before
{Heap before GC invocations=2 (full 0):
 PSYoungGen      total 21504K, used 21482K [0x00000000e8900000, 0x00000000eb300000, 0x0000000100000000)
  eden space 18432K, 100% used [0x00000000e8900000,0x00000000e9b00000,0x00000000e9b00000)
  from space 3072K, 99% used [0x00000000e9b00000,0x00000000e9dfa920,0x00000000e9e00000)
  to   space 3072K, 0% used [0x00000000eb000000,0x00000000eb000000,0x00000000eb300000)
 ParOldGen       total 49152K, used 295K [0x00000000b9a00000, 0x00000000bca00000, 0x00000000e8900000)
  object space 49152K, 0% used [0x00000000b9a00000,0x00000000b9a49c80,0x00000000bca00000)
 Metaspace       used 8251K, capacity 8406K, committed 8576K, reserved 1056768K
  class space    used 1062K, capacity 1116K, committed 1152K, reserved 1048576K
Event: 1.256 GC heap after
Heap after GC invocations=2 (full 0):
 PSYoungGen      total 39936K, used 3062K [0x00000000e8900000, 0x00000000eb300000, 0x0000000100000000)
  eden space 36864K, 0% used [0x00000000e8900000,0x00000000e8900000,0x00000000ead00000)
  from space 3072K, 99% used [0x00000000eb000000,0x00000000eb2fdb00,0x00000000eb300000)
  to   space 3072K, 0% used [0x00000000ead00000,0x00000000ead00000,0x00000000eb000000)
 ParOldGen       total 49152K, used 466K [0x00000000b9a00000, 0x00000000bca00000, 0x00000000e8900000)
  object space 49152K, 0% used [0x00000000b9a00000,0x00000000b9a74800,0x00000000bca00000)
 Metaspace       used 8251K, capacity 8406K, committed 8576K, reserved 1056768K
  class space    used 1062K, capacity 1116K, committed 1152K, reserved 1048576K
}
Event: 2.369 GC heap before
{Heap before GC invocations=3 (full 0):
 PSYoungGen      total 39936K, used 39926K [0x00000000e8900000, 0x00000000eb300000, 0x0000000100000000)
  eden space 36864K, 100% used [0x00000000e8900000,0x00000000ead00000,0x00000000ead00000)
  from space 3072K, 99% used [0x00000000eb000000,0x00000000eb2fdb00,0x00000000eb300000)
  to   space 3072K, 0% used [0x00000000ead00000,0x00000000ead00000,0x00000000eb000000)
 ParOldGen       total 49152K, used 466K [0x00000000b9a00000, 0x00000000bca00000, 0x00000000e8900000)
  object space 49152K, 0% used [0x00000000b9a00000,0x00000000b9a74800,0x00000000bca00000)
 Metaspace       used 12254K, capacity 12480K, committed 12672K, reserved 1060864K
  class space    used 1502K, capacity 1578K, committed 1664K, reserved 1048576K
Event: 2.388 GC heap after
Heap after GC invocations=3 (full 0):
 PSYoungGen      total 39936K, used 3056K [0x00000000e8900000, 0x00000000ed700000, 0x0000000100000000)
  eden space 36864K, 0% used [0x00000000e8900000,0x00000000e8900000,0x00000000ead00000)
  from space 3072K, 99% used [0x00000000ead00000,0x00000000eaffc010,0x00000000eb000000)
  to   space 3072K, 0% used [0x00000000ed400000,0x00000000ed400000,0x00000000ed700000)
 ParOldGen       total 49152K, used 5177K [0x00000000b9a00000, 0x00000000bca00000, 0x00000000e8900000)
  object space 49152K, 10% used [0x00000000b9a00000,0x00000000b9f0e448,0x00000000bca00000)
 Metaspace       used 12254K, capacity 12480K, committed 12672K, reserved 1060864K
  class space    used 1502K, capacity 1578K, committed 1664K, reserved 1048576K
}
Event: 3.875 GC heap before
{Heap before GC invocations=4 (full 0):
 PSYoungGen      total 39936K, used 39920K [0x00000000e8900000, 0x00000000ed700000, 0x0000000100000000)
  eden space 36864K, 100% used [0x00000000e8900000,0x00000000ead00000,0x00000000ead00000)
  from space 3072K, 99% used [0x00000000ead00000,0x00000000eaffc010,0x00000000eb000000)
  to   space 3072K, 0% used [0x00000000ed400000,0x00000000ed400000,0x00000000ed700000)
 ParOldGen       total 49152K, used 5177K [0x00000000b9a00000, 0x00000000bca00000, 0x00000000e8900000)
  object space 49152K, 10% used [0x00000000b9a00000,0x00000000b9f0e448,0x00000000bca00000)
 Metaspace       used 12792K, capacity 12984K, committed 13184K, reserved 1060864K
  class space    used 1540K, capacity 1614K, committed 1664K, reserved 1048576K
Event: 3.888 GC heap after
Heap after GC invocations=4 (full 0):
 PSYoungGen      total 76800K, used 3056K [0x00000000e8900000, 0x00000000ed700000, 0x0000000100000000)
  eden space 73728K, 0% used [0x00000000e8900000,0x00000000e8900000,0x00000000ed100000)
  from space 3072K, 99% used [0x00000000ed400000,0x00000000ed6fc010,0x00000000ed700000)
  to   space 3072K, 0% used [0x00000000ed100000,0x00000000ed100000,0x00000000ed400000)
 ParOldGen       total 49152K, used 7240K [0x00000000b9a00000, 0x00000000bca00000, 0x00000000e8900000)
  object space 49152K, 14% used [0x00000000b9a00000,0x00000000ba1123d8,0x00000000bca00000)
 Metaspace       used 12792K, capacity 12984K, committed 13184K, reserved 1060864K
  class space    used 1540K, capacity 1614K, committed 1664K, reserved 1048576K
}
Event: 5.994 GC heap before
{Heap before GC invocations=5 (full 0):
 PSYoungGen      total 76800K, used 76784K [0x00000000e8900000, 0x00000000ed700000, 0x0000000100000000)
  eden space 73728K, 100% used [0x00000000e8900000,0x00000000ed100000,0x00000000ed100000)
  from space 3072K, 99% used [0x00000000ed400000,0x00000000ed6fc010,0x00000000ed700000)
  to   space 3072K, 0% used [0x00000000ed100000,0x00000000ed100000,0x00000000ed400000)
 ParOldGen       total 49152K, used 7240K [0x00000000b9a00000, 0x00000000bca00000, 0x00000000e8900000)
  object space 49152K, 14% used [0x00000000b9a00000,0x00000000ba1123d8,0x00000000bca00000)
 Metaspace       used 14172K, capacity 14440K, committed 14592K, reserved 1062912K
  class space    used 1662K, capacity 1758K, committed 1792K, reserved 1048576K
Event: 6.010 GC heap after
Heap after GC invocations=5 (full 0):
 PSYoungGen      total 76800K, used 3056K [0x00000000e8900000, 0x00000000ed700000, 0x0000000100000000)
  eden space 73728K, 0% used [0x00000000e8900000,0x00000000e8900000,0x00000000ed100000)
  from space 3072K, 99% used [0x00000000ed100000,0x00000000ed3fc010,0x00000000ed400000)
  to   space 3072K, 0% used [0x00000000ed400000,0x00000000ed400000,0x00000000ed700000)
 ParOldGen       total 49152K, used 11445K [0x00000000b9a00000, 0x00000000bca00000, 0x00000000e8900000)
  object space 49152K, 23% used [0x00000000b9a00000,0x00000000ba52d4c0,0x00000000bca00000)
 Metaspace       used 14172K, capacity 14440K, committed 14592K, reserved 1062912K
  class space    used 1662K, capacity 1758K, committed 1792K, reserved 1048576K
}

