# JRE version: Java(TM) SE Runtime Environment (8.0_144-b01) (build 1.8.0_144-b01)
# Java VM: Java HotSpot(TM) 64-Bit Server VM (25.144-b01 mixed mode windows-amd64 compressed oops)
Heap:
 PSYoungGen      total 76800K, used 50004K [0x00000000e8900000, 0x00000000ed700000, 0x0000000100000000)
  eden space 73728K, 63% used [0x00000000e8900000,0x00000000eb6d93e8,0x00000000ed100000)
  from space 3072K, 99% used [0x00000000ed100000,0x00000000ed3fc010,0x00000000ed400000)
  to   space 3072K, 0% used [0x00000000ed400000,0x00000000ed400000,0x00000000ed700000)
 ParOldGen       total 49152K, used 10990K [0x00000000b9a00000, 0x00000000bca00000, 0x00000000e8900000)
  object space 49152K, 22% used [0x00000000b9a00000,0x00000000ba4bba68,0x00000000bca00000)
 Metaspace       used 18113K, capacity 18588K, committed 18816K, reserved 1064960K
  class space    used 2126K, capacity 2329K, committed 2432K, reserved 1048576K
GC Heap History (10 events):
Event: 0.902 GC heap before
{Heap before GC invocations=1 (full 0):
 PSYoungGen      total 21504K, used 18432K [0x00000000e8900000, 0x00000000ea100000, 0x0000000100000000)
  eden space 18432K, 100% used [0x00000000e8900000,0x00000000e9b00000,0x00000000e9b00000)
  from space 3072K, 0% used [0x00000000e9e00000,0x00000000e9e00000,0x00000000ea100000)
  to   space 3072K, 0% used [0x00000000e9b00000,0x00000000e9b00000,0x00000000e9e00000)
 ParOldGen       total 49152K, used 0K [0x00000000b9a00000, 0x00000000bca00000, 0x00000000e8900000)
  object space 49152K, 0% used [0x00000000b9a00000,0x00000000b9a00000,0x00000000bca00000)
 Metaspace       used 6813K, capacity 6940K, committed 7040K, reserved 1056768K
  class space    used 841K, capacity 888K, committed 896K, reserved 1048576K
Event: 0.924 GC heap after
Heap after GC invocations=1 (full 0):
 PSYoungGen      total 21504K, used 3049K [0x00000000e8900000, 0x00000000eb300000, 0x0000000100000000)
  eden space 18432K, 0% used [0x00000000e8900000,0x00000000e8900000,0x00000000e9b00000)
  from space 3072K, 99% used [0x00000000e9b00000,0x00000000e9dfa428,0x00000000e9e00000)
  to   space 3072K, 0% used [0x00000000eb000000,0x00000000eb000000,0x00000000eb300000)
 ParOldGen       total 49152K, used 342K [0x00000000b9a00000, 0x00000000bca00000, 0x00000000e8900000)
  object space 49152K, 0% used [0x00000000b9a00000,0x00000000b9a55aa8,0x00000000bca00000)
 Metaspace       used 6813K, capacity 6940K, committed 7040K, reserved 1056768K
  class space    used 841K, capacity 888K, committed 896K, reserved 1048576K
}
Event: 1.319 GC heap before
{Heap before GC invocations=2 (full 0):
 PSYoungGen      total 21504K, used 21481K [0x00000000e8900000, 0x00000000eb300000, 0x0000000100000000)
  eden space 18432K, 100% used [0x00000000e8900000,0x00000000e9b00000,0x00000000e9b00000)
  from space 3072K, 99% used [0x00000000e9b00000,0x00000000e9dfa428,0x00000000e9e00000)
  to   space 3072K, 0% used [0x00000000eb000000,0x00000000eb000000,0x00000000eb300000)
 ParOldGen       total 49152K, used 342K [0x00000000b9a00000, 0x00000000bca00000, 0x00000000e8900000)
  object space 49152K, 0% used [0x00000000b9a00000,0x00000000b9a55aa8,0x00000000bca00000)
 Metaspace       used 8278K, capacity 8406K, committed 8576K, reserved 1056768K
  class space    used 1061K, capacity 1116K, committed 1152K, reserved 1048576K
Event: 1.324 GC heap after
Heap after GC invocations=2 (full 0):
 PSYoungGen      total 39936K, used 3065K [0x00000000e8900000, 0x00000000eb300000, 0x0000000100000000)
  eden space 36864K, 0% used [0x00000000e8900000,0x00000000e8900000,0x00000000ead00000)
  from space 3072K, 99% used [0x00000000eb000000,0x00000000eb2fe5f0,0x00000000eb300000)
  to   space 3072K, 0% used [0x00000000ead00000,0x00000000ead00000,0x00000000eb000000)
 ParOldGen       total 49152K, used 484K [0x00000000b9a00000, 0x00000000bca00000, 0x00000000e8900000)
  object space 49152K, 0% used [0x00000000b9a00000,0x00000000b9a79290,0x00000000bca00000)
 Metaspace       used 8278K, capacity 8406K, committed 8576K, reserved 1056768K
  class space    used 1061K, capacity 1116K, committed 1152K, reserved 1048576K
}
Event: 2.428 GC heap before
{Heap before GC invocations=3 (full 0):
 PSYoungGen      total 39936K, used 39929K [0x00000000e8900000, 0x00000000eb300000, 0x0000000100000000)
  eden space 36864K, 100% used [0x00000000e8900000,0x00000000ead00000,0x00000000ead00000)
  from space 3072K, 99% used [0x00000000eb000000,0x00000000eb2fe5f0,0x00000000eb300000)
  to   space 3072K, 0% used [0x00000000ead00000,0x00000000ead00000,0x00000000eb000000)
 ParOldGen       total 49152K, used 484K [0x00000000b9a00000, 0x00000000bca00000, 0x00000000e8900000)
  object space 49152K, 0% used [0x00000000b9a00000,0x00000000b9a79290,0x00000000bca00000)
 Metaspace       used 12274K, capacity 12480K, committed 12672K, reserved 1060864K
  class space    used 1502K, capacity 1578K, committed 1664K, reserved 1048576K
Event: 2.441 GC heap after
Heap after GC invocations=3 (full 0):
 PSYoungGen      total 39936K, used 3040K [0x00000000e8900000, 0x00000000ed700000, 0x0000000100000000)
  eden space 36864K, 0% used [0x00000000e8900000,0x00000000e8900000,0x00000000ead00000)
  from space 3072K, 98% used [0x00000000ead00000,0x00000000eaff8020,0x00000000eb000000)
  to   space 3072K, 0% used [0x00000000ed400000,0x00000000ed400000,0x00000000ed700000)
 ParOldGen       total 49152K, used 4872K [0x00000000b9a00000, 0x00000000bca00000, 0x00000000e8900000)
  object space 49152K, 9% used [0x00000000b9a00000,0x00000000b9ec2280,0x00000000bca00000)
 Metaspace       used 12274K, capacity 12480K, committed 12672K, reserved 1060864K
  class space    used 1502K, capacity 1578K, committed 1664K, reserved 1048576K
}
Event: 3.438 GC heap before
{Heap before GC invocations=4 (full 0):
 PSYoungGen      total 39936K, used 39904K [0x00000000e8900000, 0x00000000ed700000, 0x0000000100000000)
  eden space 36864K, 100% used [0x00000000e8900000,0x00000000ead00000,0x00000000ead00000)
  from space 3072K, 98% used [0x00000000ead00000,0x00000000eaff8020,0x00000000eb000000)
  to   space 3072K, 0% used [0x00000000ed400000,0x00000000ed400000,0x00000000ed700000)
 ParOldGen       total 49152K, used 4872K [0x00000000b9a00000, 0x00000000bca00000, 0x00000000e8900000)
  object space 49152K, 9% used [0x00000000b9a00000,0x00000000b9ec2280,0x00000000bca00000)
 Metaspace       used 12810K, capacity 13048K, committed 13184K, reserved 1060864K
  class space    used 1540K, capacity 1614K, committed 1664K, reserved 1048576K
Event: 3.446 GC heap after
Heap after GC invocations=4 (full 0):
 PSYoungGen      total 76800K, used 3056K [0x00000000e8900000, 0x00000000ed700000, 0x0000000100000000)
  eden space 73728K, 0% used [0x00000000e8900000,0x00000000e8900000,0x00000000ed100000)
  from space 3072K, 99% used [0x00000000ed400000,0x00000000ed6fc010,0x00000000ed700000)
  to   space 3072K, 0% used [0x00000000ed100000,0x00000000ed100000,0x00000000ed400000)
 ParOldGen       total 49152K, used 6700K [0x00000000b9a00000, 0x00000000bca00000, 0x00000000e8900000)
  object space 49152K, 13% used [0x00000000b9a00000,0x00000000ba08b2d8,0x00000000bca00000)
 Metaspace       used 12810K, capacity 13048K, committed 13184K, reserved 1060864K
  class space    used 1540K, capacity 1614K, committed 1664K, reserved 1048576K
}
Event: 5.426 GC heap before
{Heap before GC invocations=5 (full 0):
 PSYoungGen      total 76800K, used 76784K [0x00000000e8900000, 0x00000000ed700000, 0x0000000100000000)
  eden space 73728K, 100% used [0x00000000e8900000,0x00000000ed100000,0x00000000ed100000)
  from space 3072K, 99% used [0x00000000ed400000,0x00000000ed6fc010,0x00000000ed700000)
  to   space 3072K, 0% used [0x00000000ed100000,0x00000000ed100000,0x00000000ed400000)
 ParOldGen       total 49152K, used 6700K [0x00000000b9a00000, 0x00000000bca00000, 0x00000000e8900000)
  object space 49152K, 13% used [0x00000000b9a00000,0x00000000ba08b2d8,0x00000000bca00000)
 Metaspace       used 14150K, capacity 14376K, committed 14592K, reserved 1062912K
  class space    used 1661K, capacity 1758K, committed 1792K, reserved 1048576K
Event: 5.442 GC heap after
Heap after GC invocations=5 (full 0):
 PSYoungGen      total 76800K, used 3056K [0x00000000e8900000, 0x00000000ed700000, 0x0000000100000000)
  eden space 73728K, 0% used [0x00000000e8900000,0x00000000e8900000,0x00000000ed100000)
  from space 3072K, 99% used [0x00000000ed100000,0x00000000ed3fc010,0x00000000ed400000)
  to   space 3072K, 0% used [0x00000000ed400000,0x00000000ed400000,0x00000000ed700000)
 ParOldGen       total 49152K, used 10990K [0x00000000b9a00000, 0x00000000bca00000, 0x00000000e8900000)
  object space 49152K, 22% used [0x00000000b9a00000,0x00000000ba4bba68,0x00000000bca00000)
 Metaspace       used 14150K, capacity 14376K, committed 14592K, reserved 1062912K
  class space    used 1661K, capacity 1758K, committed 1792K, reserved 1048576K
}

